#! /cs/local/bin/vvp
:ivl_version "10.0 (stable)" "(v10_0)";
:ivl_delay_selection "TYPICAL";
:vpi_time_precision + 0;
:vpi_module "system";
:vpi_module "vhdl_sys";
:vpi_module "v2005_math";
:vpi_module "va_math";
:vpi_module "v2009";
S_0xd71960 .scope module, "labK" "labK" 2 1;
 .timescale 0 0;
v0xd71ae0_0 .var "one", 0 31;
v0xdb4c10_0 .var "three", 37 35;
v0xdb4cf0_0 .var "two", 34 33;
v0xdb4de0_0 .var "x", 31 0;
    .scope S_0xd71960;
T_0 ;
    %vpi_call/w 2 9 "$display", "time = %5d, x = %b", $time, v0xdb4de0_0 {0 0 0};
    %pushi/vec4 4294901760, 0, 32;
    %store/vec4 v0xdb4de0_0, 0, 32;
    %vpi_call/w 2 13 "$display", "time = %5d, x = %b", $time, v0xdb4de0_0 {0 0 0};
    %load/vec4 v0xdb4de0_0;
    %addi 2, 0, 32;
    %store/vec4 v0xdb4de0_0, 0, 32;
    %vpi_call/w 2 15 "$display", "time = %5d, x = %b", $time, v0xdb4de0_0 {0 0 0};
    %load/vec4 v0xdb4de0_0;
    %and/r;
    %pad/u 32;
    %store/vec4 v0xd71ae0_0, 0, 32;
    %load/vec4 v0xdb4de0_0;
    %parti/s 2, 0, 2;
    %store/vec4 v0xdb4cf0_0, 0, 2;
    %load/vec4 v0xd71ae0_0;
    %load/vec4 v0xdb4cf0_0;
    %concat/vec4; draw_concat_vec4
    %pad/u 3;
    %store/vec4 v0xdb4c10_0, 0, 3;
    %vpi_call/w 2 22 "$display", "one = %5b", v0xd71ae0_0 {0 0 0};
    %vpi_call/w 2 23 "$display", "two = %5b", v0xdb4cf0_0 {0 0 0};
    %vpi_call/w 2 24 "$display", "three = %5b", v0xdb4c10_0 {0 0 0};
    %vpi_call/w 2 26 "$finish" {0 0 0};
    %end;
    .thread T_0;
# The file index is used to find the file name in the following table.
:file_names 3;
    "N/A";
    "<interactive>";
    "labK1.v";
